{
  "stats": {
    "suites": 1,
    "tests": 3,
    "passes": 3,
    "pending": 0,
    "failures": 0,
    "start": "2025-06-27T03:23:18.187Z",
    "end": "2025-06-27T03:23:29.451Z",
    "duration": 11264,
    "testsRegistered": 3,
    "passPercent": 100,
    "pendingPercent": 0,
    "other": 0,
    "hasOther": false,
    "skipped": 0,
    "hasSkipped": false
  },
  "results": [
    {
      "uuid": "97c84fb7-4775-4f0d-87a3-e488ae2479c8",
      "title": "",
      "fullFile": "C:\\Users\\mbsim\\Desktop\\Eko_Sesi11\\tests\\sesi11\\saucedemo.js",
      "file": "\\tests\\sesi11\\saucedemo.js",
      "beforeHooks": [],
      "afterHooks": [],
      "tests": [],
      "suites": [
        {
          "uuid": "f118e9fa-5061-4424-bfb0-f034b4994b10",
          "title": "Pengujian otomatis website saucedemo",
          "fullFile": "C:\\Users\\mbsim\\Desktop\\Eko_Sesi11\\tests\\sesi11\\saucedemo.js",
          "file": "\\tests\\sesi11\\saucedemo.js",
          "beforeHooks": [
            {
              "title": "\"before each\" hook in \"Pengujian otomatis website saucedemo\"",
              "fullTitle": "Pengujian otomatis website saucedemo \"before each\" hook in \"Pengujian otomatis website saucedemo\"",
              "timedOut": false,
              "duration": 3270,
              "state": null,
              "speed": null,
              "pass": false,
              "fail": false,
              "pending": false,
              "context": null,
              "code": "console.log('ini didalam beforeEach hook');\nconst options = new chrome.Options();\noptions.addArguments('--incognito');\n   \ndriver = await new Builder().forBrowser('chrome').setChromeOptions(options).build();\nawait driver.manage().window().maximize();\nconsole.log('Buka halaman web');\nawait driver.get('https://www.saucedemo.com/');",
              "err": {},
              "uuid": "41a52baa-4347-4507-920a-18f58f46bd72",
              "parentUUID": "f118e9fa-5061-4424-bfb0-f034b4994b10",
              "isHook": true,
              "skipped": false
            }
          ],
          "afterHooks": [
            {
              "title": "\"after each\" hook in \"Pengujian otomatis website saucedemo\"",
              "fullTitle": "Pengujian otomatis website saucedemo \"after each\" hook in \"Pengujian otomatis website saucedemo\"",
              "timedOut": false,
              "duration": 25,
              "state": null,
              "speed": null,
              "pass": false,
              "fail": false,
              "pending": false,
              "context": null,
              "code": "if (driver) {\n     await driver.quit();\n }",
              "err": {},
              "uuid": "8bd2976e-ab91-43e8-923c-d8f81176437a",
              "parentUUID": "f118e9fa-5061-4424-bfb0-f034b4994b10",
              "isHook": true,
              "skipped": false
            }
          ],
          "tests": [
            {
              "title": "Login Berhasil",
              "fullTitle": "Pengujian otomatis website saucedemo Login Berhasil",
              "timedOut": false,
              "duration": 188,
              "state": "passed",
              "speed": "slow",
              "pass": true,
              "fail": false,
              "pending": false,
              "context": null,
              "code": "console.log('Masukkan username dan password');\nconst masukanUsername = await driver.findElement(PageLogin.inputUsername);\nconst masukkanPassword = await driver.findElement(PageLogin.inputPassword);\nconst tombolLogin = await driver.findElement(PageLogin.buttonLogin);\nawait masukanUsername.sendKeys('standard_user'); \nawait masukkanPassword.sendKeys('secret_sauce');    \nawait tombolLogin.click();\nconsole.log('Validasi Url setelah login');\nconst urlSaatini = await driver.getCurrentUrl();\nassert.strictEqual(urlSaatini, 'https://www.saucedemo.com/inventory.html', 'Halaman yang dituju tidak sesuai');\nconsole.log('Berhasil Masuk ke halaman inventory');",
              "err": {},
              "uuid": "b176c523-524c-4f9c-aba7-b4132c6903c3",
              "parentUUID": "f118e9fa-5061-4424-bfb0-f034b4994b10",
              "isHook": false,
              "skipped": false
            },
            {
              "title": "Sortir produk Z ke A",
              "fullTitle": "Pengujian otomatis website saucedemo Sortir produk Z ke A",
              "timedOut": false,
              "duration": 289,
              "state": "passed",
              "speed": "slow",
              "pass": true,
              "fail": false,
              "pending": false,
              "context": null,
              "code": "console.log('Masukkan username dan password');\n        const masukanUsername = await driver.findElement(PageLogin.inputUsername);\n        const masukkanPassword = await driver.findElement(PageLogin.inputPassword);\n        const tombolLogin = await driver.findElement(PageLogin.buttonLogin);\n\n        await masukanUsername.sendKeys('standard_user'); \n        await masukkanPassword.sendKeys('secret_sauce');\n        await tombolLogin.click();\n\n        console.log('Validasi Url setelah login');\n        const urlSaatini = await driver.getCurrentUrl();\n        assert.strictEqual(urlSaatini, 'https://www.saucedemo.com/inventory.html', 'Halaman yang dituju tidak sesuai');\n        console.log('Berhasil Masuk ke halaman inventory');\n\n       \n        console.log('Sortir produk Z ke A');\n        const dropdown = await driver.findElement(PageLogin.dropdownSort);\n        await dropdown.click();\n\n        const opsiZA = await driver.findElement(PageLogin.opsiZA);\n        await opsiZA.click();\n        console.log('Berhasil sortir produk');",
              "err": {},
              "uuid": "66597330-ec52-4da8-bfcd-83d9885c38ff",
              "parentUUID": "f118e9fa-5061-4424-bfb0-f034b4994b10",
              "isHook": false,
              "skipped": false
            },
            {
              "title": "Screenshoot halaman finish",
              "fullTitle": "Pengujian otomatis website saucedemo Screenshoot halaman finish",
              "timedOut": false,
              "duration": 1067,
              "state": "passed",
              "speed": "slow",
              "pass": true,
              "fail": false,
              "pending": false,
              "context": null,
              "code": "console.log('Masukkan Username dan Password');\nconst masukkanUsername = await driver.findElement(PageLogin.inputUsername);\nconst masukkanPassword = await driver.findElement(PageLogin.inputPassword);\nconst tombolLogin = await driver.findElement(PageLogin.buttonLogin);\n\n\nawait masukkanUsername.sendKeys('standard_user');\nawait masukkanPassword.sendKeys('secret_sauce');\nawait tombolLogin.click();\n\nconsole.log('Pilih produk yang akan dibeli');\nconst produk1 = await driver.findElement(pageInventory.button_bag);\nconst produk2 = await driver.findElement(pageInventory.button_onsie);\n\nawait produk1.click();\nawait produk2.click();\nconsole.log('Produk berhasil ditambahkan ke keranjang');\n\n\nconsole.log('masuk ke keranjang');\nconst keranjang = await driver.findElement(pageInventory.buttonCart);\nawait keranjang.click();\n\nconst checkout = await driver.findElement(pageInventory.buttonCheckout);\nawait checkout.click();\n\nconsole.log('Isi form checkout');\nconst inputFirstName = await driver.findElement(pageInventory.inputFirstName);\nconst inputLastName = await driver.findElement(pageInventory.inputLastName);\nconst inputZipCode = await driver.findElement(pageInventory.inputZipCode);\nawait inputFirstName.sendKeys('Denz');       \nawait inputLastName.sendKeys('Echo');            \nawait inputZipCode.sendKeys('16451');\n\n\n    \nconst tombolContinue = await driver.findElement(pageInventory.buttonContinue);\nawait tombolContinue.click();\n\nconst tombolfinish = await driver.findElement(pageInventory.buttonFinish);\nawait tombolfinish.click();\n\n       \nconsole.log('Screenshoot halaman checkout');\nconst screenshoot = await driver.takeScreenshot();\nconst imgBuffer = Buffer.from(screenshoot, \"base64\");\nfs.writeFileSync(\"Current.png\", imgBuffer);\n\n\n      \nif (!fs.existsSync('baseline.png')) {\n    fs.copyFileSync('Current.png', 'baseline.png');\n    console.log('Baseline image saved.');\n}\n\nlet img1 = PNG.sync.read(fs.readFileSync('baseline.png'));\nlet img2 = PNG.sync.read(fs.readFileSync('Current.png'));\nlet { width, height } = img1;\nlet diff = new PNG({ width, height });\nlet numDiffPixel = pixelmatch(img1.data, img2.data, diff.data, width, height, { threshold: 0.1 });\nfs.writeFileSync('diff.png', PNG.sync.write(diff));\nif (numDiffPixel > 0) {\n    console.log('Visual berbeda ditemukan! Piksel berbeda:', numDiffPixel);\n} else {\n    console.log('Tidak ditemukan perbedaan visual.');\n}",
              "err": {},
              "uuid": "18c7529c-fc02-4e2f-9f1e-b690603cdb48",
              "parentUUID": "f118e9fa-5061-4424-bfb0-f034b4994b10",
              "isHook": false,
              "skipped": false
            }
          ],
          "suites": [],
          "passes": [
            "b176c523-524c-4f9c-aba7-b4132c6903c3",
            "66597330-ec52-4da8-bfcd-83d9885c38ff",
            "18c7529c-fc02-4e2f-9f1e-b690603cdb48"
          ],
          "failures": [],
          "pending": [],
          "skipped": [],
          "duration": 1544,
          "root": false,
          "rootEmpty": false,
          "_timeout": 60000
        }
      ],
      "passes": [],
      "failures": [],
      "pending": [],
      "skipped": [],
      "duration": 0,
      "root": true,
      "rootEmpty": true,
      "_timeout": 60000
    }
  ],
  "meta": {
    "mocha": {
      "version": "10.8.2"
    },
    "mochawesome": {
      "options": {
        "quiet": false,
        "reportFilename": "mochawesome",
        "saveHtml": true,
        "saveJson": true,
        "consoleReporter": "spec",
        "useInlineDiffs": false,
        "code": true
      },
      "version": "7.1.3"
    },
    "marge": {
      "options": null,
      "version": "6.2.0"
    }
  }
}